# JRE version: Java(TM) SE Runtime Environment 18.9 (11.0.14+8) (build 11.0.14+8-LTS-263)
# Java VM: Java HotSpot(TM) 64-Bit Server VM 18.9 (11.0.14+8-LTS-263, mixed mode, tiered, compressed oops, g1 gc, windows-amd64)
Heap:
 garbage-first heap   total 624640K, used 40272K [0x0000000604e00000, 0x0000000800000000)
  region size 2048K, 18 young (36864K), 8 survivors (16384K)
 Metaspace       used 61200K, capacity 62849K, committed 63168K, reserved 1103872K
  class space    used 8155K, capacity 8824K, committed 8932K, reserved 1048576K
GC Heap History (10 events):
Event: 0.811 GC heap before
{Heap before GC invocations=0 (full 0):
 garbage-first heap   total 520192K, used 24576K [0x0000000604e00000, 0x0000000800000000)
  region size 2048K, 12 young (24576K), 0 survivors (0K)
 Metaspace       used 14192K, capacity 14503K, committed 14848K, reserved 1062912K
  class space    used 1525K, capacity 1688K, committed 1792K, reserved 1048576K
}
Event: 0.815 GC heap after
{Heap after GC invocations=1 (full 0):
 garbage-first heap   total 520192K, used 6151K [0x0000000604e00000, 0x0000000800000000)
  region size 2048K, 2 young (4096K), 2 survivors (4096K)
 Metaspace       used 14192K, capacity 14503K, committed 14848K, reserved 1062912K
  class space    used 1525K, capacity 1688K, committed 1792K, reserved 1048576K
}
Event: 1.055 GC heap before
{Heap before GC invocations=1 (full 0):
 garbage-first heap   total 520192K, used 47111K [0x0000000604e00000, 0x0000000800000000)
  region size 2048K, 23 young (47104K), 2 survivors (4096K)
 Metaspace       used 20466K, capacity 21137K, committed 21248K, reserved 1067008K
  class space    used 2442K, capacity 2738K, committed 2816K, reserved 1048576K
}
Event: 1.059 GC heap after
{Heap after GC invocations=2 (full 0):
 garbage-first heap   total 520192K, used 8828K [0x0000000604e00000, 0x0000000800000000)
  region size 2048K, 4 young (8192K), 4 survivors (8192K)
 Metaspace       used 20466K, capacity 21137K, committed 21248K, reserved 1067008K
  class space    used 2442K, capacity 2738K, committed 2816K, reserved 1048576K
}
Event: 1.324 GC heap before
{Heap before GC invocations=3 (full 0):
 garbage-first heap   total 520192K, used 62076K [0x0000000604e00000, 0x0000000800000000)
  region size 2048K, 30 young (61440K), 4 survivors (8192K)
 Metaspace       used 26595K, capacity 27518K, committed 27776K, reserved 1073152K
  class space    used 3238K, capacity 3594K, committed 3712K, reserved 1048576K
}
Event: 1.328 GC heap after
{Heap after GC invocations=4 (full 0):
 garbage-first heap   total 520192K, used 10889K [0x0000000604e00000, 0x0000000800000000)
  region size 2048K, 3 young (6144K), 3 survivors (6144K)
 Metaspace       used 26595K, capacity 27518K, committed 27776K, reserved 1073152K
  class space    used 3238K, capacity 3594K, committed 3712K, reserved 1048576K
}
Event: 2.069 GC heap before
{Heap before GC invocations=4 (full 0):
 garbage-first heap   total 520192K, used 86665K [0x0000000604e00000, 0x0000000800000000)
  region size 2048K, 41 young (83968K), 3 survivors (6144K)
 Metaspace       used 34485K, capacity 35688K, committed 35840K, reserved 1081344K
  class space    used 4361K, capacity 4845K, committed 4864K, reserved 1048576K
}
Event: 2.078 GC heap after
{Heap after GC invocations=5 (full 0):
 garbage-first heap   total 520192K, used 14411K [0x0000000604e00000, 0x0000000800000000)
  region size 2048K, 4 young (8192K), 4 survivors (8192K)
 Metaspace       used 34485K, capacity 35688K, committed 35840K, reserved 1081344K
  class space    used 4361K, capacity 4845K, committed 4864K, reserved 1048576K
}
Event: 3.658 GC heap before
{Heap before GC invocations=6 (full 0):
 garbage-first heap   total 520192K, used 168011K [0x0000000604e00000, 0x0000000800000000)
  region size 2048K, 80 young (163840K), 4 survivors (8192K)
 Metaspace       used 58384K, capacity 59895K, committed 59948K, reserved 1101824K
  class space    used 7794K, capacity 8395K, committed 8448K, reserved 1048576K
}
Event: 3.682 GC heap after
{Heap after GC invocations=7 (full 0):
 garbage-first heap   total 624640K, used 21840K [0x0000000604e00000, 0x0000000800000000)
  region size 2048K, 8 young (16384K), 8 survivors (16384K)
 Metaspace       used 58384K, capacity 59895K, committed 59948K, reserved 1101824K
  class space    used 7794K, capacity 8395K, committed 8448K, reserved 1048576K
}

